--------- beginning of crash
06-09 01:11:23.585   622   622 F libc    : Fatal signal 6 (SIGABRT), code -1 (SI_QUEUE) in tid 622 (init), pid 622 (init)
06-09 01:11:23.597   622   622 F libc    : crash_dump helper failed to exec
03-08 13:59:32.687 23170 23170 E AndroidRuntime: FATAL EXCEPTION: main
03-08 13:59:32.687 23170 23170 E AndroidRuntime: Process: com.d3intran.nitpicker, PID: 23170
03-08 13:59:32.687 23170 23170 E AndroidRuntime: java.lang.IllegalArgumentException: Navigation destination that matches route media_viewer/content%3A%2F%2Fcom.android.externalstorage.documents%2Ftree%2Fprimary%253ADCIM%252Ftieba%2Fdocument%2Fprimary%253ADCIM%252Ftieba%252F2DA0EF5739EFEF55C4A5F23A1364A295.gif cannot be found in the navigation graph ComposeNavGraph(0x0) startDestination={Destination(0xd64d9341) route=files_screen}
03-08 13:59:32.687 23170 23170 E AndroidRuntime: 	at androidx.navigation.NavController.navigate(NavController.kt:2447)
03-08 13:59:32.687 23170 23170 E AndroidRuntime: 	at androidx.navigation.NavController.navigate$default(NavController.kt:2418)
03-08 13:59:32.687 23170 23170 E AndroidRuntime: 	at com.d3intran.nitpicker.ui.screens.HomeViewKt$HomeScreen$2$1$4$4$1$1$1$1.invoke(HomeView.kt:252)
03-08 13:59:32.687 23170 23170 E AndroidRuntime: 	at com.d3intran.nitpicker.ui.screens.HomeViewKt$HomeScreen$2$1$4$4$1$1$1$1.invoke(HomeView.kt:249)
03-08 13:59:32.687 23170 23170 E AndroidRuntime: 	at androidx.compose.foundation.ClickableNode$clickPointerInput$3.invoke-k-4lQ0M(Clickable.kt:639)
03-08 13:59:32.687 23170 23170 E AndroidRuntime: 	at androidx.compose.foundation.ClickableNode$clickPointerInput$3.invoke(Clickable.kt:633)
03-08 13:59:32.687 23170 23170 E AndroidRuntime: 	at androidx.compose.foundation.gestures.TapGestureDetectorKt$detectTapAndPress$2$1.invokeSuspend(TapGestureDetector.kt:255)
03-08 13:59:32.687 23170 23170 E AndroidRuntime: 	at kotlin.coroutines.jvm.internal.BaseContinuationImpl.resumeWith(ContinuationImpl.kt:33)
03-08 13:59:32.687 23170 23170 E AndroidRuntime: 	at kotlinx.coroutines.DispatchedTaskKt.resume(DispatchedTask.kt:179)
03-08 13:59:32.687 23170 23170 E AndroidRuntime: 	at kotlinx.coroutines.DispatchedTaskKt.dispatch(DispatchedTask.kt:168)
03-08 13:59:32.687 23170 23170 E AndroidRuntime: 	at kotlinx.coroutines.CancellableContinuationImpl.dispatchResume(CancellableContinuationImpl.kt:474)
03-08 13:59:32.687 23170 23170 E AndroidRuntime: 	at kotlinx.coroutines.CancellableContinuationImpl.resumeImpl(CancellableContinuationImpl.kt:508)
03-08 13:59:32.687 23170 23170 E AndroidRuntime: 	at kotlinx.coroutines.CancellableContinuationImpl.resumeImpl$default(CancellableContinuationImpl.kt:497)
03-08 13:59:32.687 23170 23170 E AndroidRuntime: 	at kotlinx.coroutines.CancellableContinuationImpl.resumeWith(CancellableContinuationImpl.kt:368)
03-08 13:59:32.687 23170 23170 E AndroidRuntime: 	at androidx.compose.ui.input.pointer.SuspendingPointerInputModifierNodeImpl$PointerEventHandlerCoroutine.offerPointerEvent(SuspendingPointerInputFilter.kt:719)
03-08 13:59:32.687 23170 23170 E AndroidRuntime: 	at androidx.compose.ui.input.pointer.SuspendingPointerInputModifierNodeImpl.dispatchPointerEvent(SuspendingPointerInputFilter.kt:598)
03-08 13:59:32.687 23170 23170 E AndroidRuntime: 	at androidx.compose.ui.input.pointer.SuspendingPointerInputModifierNodeImpl.onPointerEvent-H0pRuoY(SuspendingPointerInputFilter.kt:620)
03-08 13:59:32.687 23170 23170 E AndroidRuntime: 	at androidx.compose.foundation.AbstractClickableNode.onPointerEvent-H0pRuoY(Clickable.kt:1044)
03-08 13:59:32.687 23170 23170 E AndroidRuntime: 	at androidx.compose.ui.input.pointer.Node.dispatchMainEventPass(HitPathTracker.kt:387)
03-08 13:59:32.687 23170 23170 E AndroidRuntime: 	at androidx.compose.ui.input.pointer.Node.dispatchMainEventPass(HitPathTracker.kt:373)
03-08 13:59:32.687 23170 23170 E AndroidRuntime: 	at androidx.compose.ui.input.pointer.Node.dispatchMainEventPass(HitPathTracker.kt:373)
03-08 13:59:32.687 23170 23170 E AndroidRuntime: 	at androidx.compose.ui.input.pointer.Node.dispatchMainEventPass(HitPathTracker.kt:373)
03-08 13:59:32.687 23170 23170 E AndroidRuntime: 	at androidx.compose.ui.input.pointer.Node.dispatchMainEventPass(HitPathTracker.kt:373)
03-08 13:59:32.687 23170 23170 E AndroidRuntime: 	at androidx.compose.ui.input.pointer.Node.dispatchMainEventPass(HitPathTracker.kt:373)
03-08 13:59:32.687 23170 23170 E AndroidRuntime: 	at androidx.compose.ui.input.pointer.NodeParent.dispatchMainEventPass(HitPathTracker.kt:229)
03-08 13:59:32.687 23170 23170 E AndroidRuntime: 	at androidx.compose.ui.input.pointer.HitPathTracker.dispatchChanges(HitPathTracker.kt:144)
03-08 13:59:32.687 23170 23170 E AndroidRuntime: 	at androidx.compose.ui.input.pointer.PointerInputEventProcessor.process-BIzXfog(PointerInputEventProcessor.kt:120)
03-08 13:59:32.687 23170 23170 E AndroidRuntime: 	at androidx.compose.ui.platform.AndroidComposeView.sendMotionEvent-8iAsVTc(AndroidComposeView.android.kt:1994)
03-08 13:59:32.687 23170 23170 E AndroidRuntime: 	at androidx.compose.ui.platform.AndroidComposeView.handleMotionEvent-8iAsVTc(AndroidComposeView.android.kt:1945)
03-08 13:59:32.687 23170 23170 E AndroidRuntime: 	at androidx.compose.ui.platform.AndroidComposeView.dispatchTouchEvent(AndroidComposeView.android.kt:1829)
03-08 13:59:32.687 23170 23170 E AndroidRuntime: 	at android.view.ViewGroup.dispatchTransformedTouchEvent(ViewGroup.java:3174)
03-08 13:59:32.687 23170 23170 E AndroidRuntime: 	at android.view.ViewGroup.dispatchTouchEvent(ViewGroup.java:2836)
03-08 13:59:32.687 23170 23170 E AndroidRuntime: 	at android.view.ViewGroup.dispatchTransformedTouchEvent(ViewGroup.java:3174)
03-08 13:59:32.687 23170 23170 E AndroidRuntime: 	at android.view.ViewGroup.dispatchTouchEvent(ViewGroup.java:2836)
03-08 13:59:32.687 23170 23170 E AndroidRuntime: 	at android.view.ViewGroup.dispatchTransformedTouchEvent(ViewGroup.java:3174)
03-08 13:59:32.687 23170 23170 E AndroidRuntime: 	at android.view.ViewGroup.dispatchTouchEvent(ViewGroup.java:2836)
03-08 13:59:32.687 23170 23170 E AndroidRuntime: 	at android.view.ViewGroup.dispatchTransformedTouchEvent(ViewGroup.java:3174)
03-08 13:59:32.687 23170 23170 E AndroidRuntime: 	at android.view.ViewGroup.dispatchTouchEvent(ViewGroup.java:2836)
03-08 13:59:32.687 23170 23170 E AndroidRuntime: 	at com.android.internal.policy.DecorView.superDispatchTouchEvent(DecorView.java:575)
03-08 13:59:32.687 23170 23170 E AndroidRuntime: 	at com.android.internal.policy.PhoneWindow.superDispatchTouchEvent(PhoneWindow.java:1945)
03-08 13:59:32.687 23170 23170 E AndroidRuntime: 	at android.app.Activity.dispatchTouchEvent(Activity.java:4232)
03-08 13:59:32.687 23170 23170 E AndroidRuntime: 	at com.android.internal.policy.DecorView.dispatchTouchEvent(DecorView.java:528)
03-08 13:59:32.687 23170 23170 E AndroidRuntime: 	at android.view.View.dispatchPointerEvent(View.java:14740)
03-08 13:59:32.687 23170 23170 E AndroidRuntime: 	at android.view.ViewRootImpl$ViewPostImeInputStage.processPointerEvent(ViewRootImpl.java:6550)
03-08 13:59:32.687 23170 23170 E AndroidRuntime: 	at android.view.ViewRootImpl$ViewPostImeInputStage.onProcess(ViewRootImpl.java:6303)
03-08 13:59:32.687 23170 23170 E AndroidRuntime: 	at android.view.ViewRootImpl$InputStage.deliver(ViewRootImpl.java:5764)
03-08 13:59:32.687 23170 23170 E AndroidRuntime: 	at android.view.ViewRootImpl$InputStage.onDeliverToNext(ViewRootImpl.java:5831)
03-08 13:59:32.687 23170 23170 E AndroidRuntime: 	at android.view.ViewRootImpl$InputStage.forward(ViewRootImpl.java:5792)
03-08 13:59:32.687 23170 23170 E AndroidRuntime: 	at android.view.ViewRootImpl$AsyncInputStage.forward(ViewRootImpl.java:5954)
03-08 13:59:32.687 23170 23170 E AndroidRuntime: 	at android.view.ViewRootImpl$InputStage.apply(ViewRootImpl.java:5800)
03-08 13:59:32.687 23170 23170 E AndroidRuntime: 	at android.view.ViewRootImpl$AsyncInputStage.apply(ViewRootImpl.java:6011)
03-08 13:59:32.687 23170 23170 E AndroidRuntime: 	at android.view.ViewRootImpl$InputStage.deliver(ViewRootImpl.java:5768)
03-08 13:59:32.687 23170 23170 E AndroidRuntime: 	at android.view.ViewRootImpl$InputStage.onDeliverToNext(ViewRootImpl.java:5831)
03-08 13:59:32.687 23170 23170 E AndroidRuntime: 	at android.view.ViewRootImpl$InputStage.forward(ViewRootImpl.java:5792)
03-08 13:59:32.687 23170 23170 E AndroidRuntime: 	at android.view.ViewRootImpl$InputStage.apply(ViewRootImpl.java:5800)
03-08 13:59:32.687 23170 23170 E AndroidRuntime: 	at android.view.ViewRootImpl$InputStage.deliver(ViewRootImpl.java:5768)
03-08 13:59:32.687 23170 23170 E AndroidRuntime: 	at android.view.ViewRootImpl.deliverInputEvent(ViewRootImpl.java:8650)
03-08 13:59:32.687 23170 23170 E AndroidRuntime: 	at android.view.ViewRootImpl.doProcessInputEvents(ViewRootImpl.java:8601)
03-08 13:59:32.687 23170 23170 E AndroidRuntime: 	at android.view.ViewRootImpl.enqueueInputEvent(ViewRootImpl.java:8553)
03-08 13:59:32.687 23170 23170 E AndroidRuntime: 	at android.view.ViewRootImpl$WindowInputEventReceiver.onInputEvent(ViewRootImpl.java:8790)
03-08 13:59:32.687 23170 23170 E AndroidRuntime: 	at android.view.InputEventReceiver.dispatchInputEvent(InputEventReceiver.java:238)
03-08 13:59:32.687 23170 23170 E AndroidRuntime: 	at android.os.MessageQueue.nativePollOnce(Native Method)
03-08 13:59:32.687 23170 23170 E AndroidRuntime: 	at android.os.MessageQueue.next(MessageQueue.java:339)
03-08 13:59:32.687 23170 23170 E AndroidRuntime: 	at android.os.Looper.loop(Looper.java:208)
03-08 13:59:32.687 23170 23170 E AndroidRuntime: 	at android.app.ActivityThread.main(ActivityThread.java:8244)
03-08 13:59:32.687 23170 23170 E AndroidRuntime: 	at java.lang.reflect.Method.invoke(Native Method)
03-08 13:59:32.687 23170 23170 E AndroidRuntime: 	at com.android.internal.os.RuntimeInit$MethodAndArgsCaller.run(RuntimeInit.java:626)
03-08 13:59:32.687 23170 23170 E AndroidRuntime: 	at com.android.internal.os.ZygoteInit.main(ZygoteInit.java:1016)
03-08 13:59:32.687 23170 23170 E AndroidRuntime: 	Suppressed: kotlinx.coroutines.internal.DiagnosticCoroutineContextException: [androidx.compose.ui.platform.MotionDurationScaleImpl@fa476ff, androidx.compose.runtime.BroadcastFrameClock@d828ccc, StandaloneCoroutine{Cancelling}@9444b15, AndroidUiDispatcher@8328e2a]
03-08 13:59:40.158 24948 24948 E AndroidRuntime: FATAL EXCEPTION: main
03-08 13:59:40.158 24948 24948 E AndroidRuntime: Process: com.d3intran.nitpicker, PID: 24948
03-08 13:59:40.158 24948 24948 E AndroidRuntime: java.lang.IllegalArgumentException: Navigation destination that matches route media_viewer/content%3A%2F%2Fcom.android.externalstorage.documents%2Ftree%2Fprimary%253ADCIM%252Ftieba%2Fdocument%2Fprimary%253ADCIM%252Ftieba%252F02D5B2067C57BD2BD678196736597A21.jpg cannot be found in the navigation graph ComposeNavGraph(0x0) startDestination={Destination(0xd64d9341) route=files_screen}
03-08 13:59:40.158 24948 24948 E AndroidRuntime: 	at androidx.navigation.NavController.navigate(NavController.kt:2447)
03-08 13:59:40.158 24948 24948 E AndroidRuntime: 	at androidx.navigation.NavController.navigate$default(NavController.kt:2418)
03-08 13:59:40.158 24948 24948 E AndroidRuntime: 	at com.d3intran.nitpicker.ui.screens.HomeViewKt$HomeScreen$2$1$4$4$1$1$1$1.invoke(HomeView.kt:252)
03-08 13:59:40.158 24948 24948 E AndroidRuntime: 	at com.d3intran.nitpicker.ui.screens.HomeViewKt$HomeScreen$2$1$4$4$1$1$1$1.invoke(HomeView.kt:249)
03-08 13:59:40.158 24948 24948 E AndroidRuntime: 	at androidx.compose.foundation.ClickableNode$clickPointerInput$3.invoke-k-4lQ0M(Clickable.kt:639)
03-08 13:59:40.158 24948 24948 E AndroidRuntime: 	at androidx.compose.foundation.ClickableNode$clickPointerInput$3.invoke(Clickable.kt:633)
03-08 13:59:40.158 24948 24948 E AndroidRuntime: 	at androidx.compose.foundation.gestures.TapGestureDetectorKt$detectTapAndPress$2$1.invokeSuspend(TapGestureDetector.kt:255)
03-08 13:59:40.158 24948 24948 E AndroidRuntime: 	at kotlin.coroutines.jvm.internal.BaseContinuationImpl.resumeWith(ContinuationImpl.kt:33)
03-08 13:59:40.158 24948 24948 E AndroidRuntime: 	at kotlinx.coroutines.DispatchedTaskKt.resume(DispatchedTask.kt:179)
03-08 13:59:40.158 24948 24948 E AndroidRuntime: 	at kotlinx.coroutines.DispatchedTaskKt.dispatch(DispatchedTask.kt:168)
03-08 13:59:40.158 24948 24948 E AndroidRuntime: 	at kotlinx.coroutines.CancellableContinuationImpl.dispatchResume(CancellableContinuationImpl.kt:474)
03-08 13:59:40.158 24948 24948 E AndroidRuntime: 	at kotlinx.coroutines.CancellableContinuationImpl.resumeImpl(CancellableContinuationImpl.kt:508)
03-08 13:59:40.158 24948 24948 E AndroidRuntime: 	at kotlinx.coroutines.CancellableContinuationImpl.resumeImpl$default(CancellableContinuationImpl.kt:497)
03-08 13:59:40.158 24948 24948 E AndroidRuntime: 	at kotlinx.coroutines.CancellableContinuationImpl.resumeWith(CancellableContinuationImpl.kt:368)
03-08 13:59:40.158 24948 24948 E AndroidRuntime: 	at androidx.compose.ui.input.pointer.SuspendingPointerInputModifierNodeImpl$PointerEventHandlerCoroutine.offerPointerEvent(SuspendingPointerInputFilter.kt:719)
03-08 13:59:40.158 24948 24948 E AndroidRuntime: 	at androidx.compose.ui.input.pointer.SuspendingPointerInputModifierNodeImpl.dispatchPointerEvent(SuspendingPointerInputFilter.kt:598)
03-08 13:59:40.158 24948 24948 E AndroidRuntime: 	at androidx.compose.ui.input.pointer.SuspendingPointerInputModifierNodeImpl.onPointerEvent-H0pRuoY(SuspendingPointerInputFilter.kt:620)
03-08 13:59:40.158 24948 24948 E AndroidRuntime: 	at androidx.compose.foundation.AbstractClickableNode.onPointerEvent-H0pRuoY(Clickable.kt:1044)
03-08 13:59:40.158 24948 24948 E AndroidRuntime: 	at androidx.compose.ui.input.pointer.Node.dispatchMainEventPass(HitPathTracker.kt:387)
03-08 13:59:40.158 24948 24948 E AndroidRuntime: 	at androidx.compose.ui.input.pointer.Node.dispatchMainEventPass(HitPathTracker.kt:373)
03-08 13:59:40.158 24948 24948 E AndroidRuntime: 	at androidx.compose.ui.input.pointer.Node.dispatchMainEventPass(HitPathTracker.kt:373)
03-08 13:59:40.158 24948 24948 E AndroidRuntime: 	at androidx.compose.ui.input.pointer.Node.dispatchMainEventPass(HitPathTracker.kt:373)
03-08 13:59:40.158 24948 24948 E AndroidRuntime: 	at androidx.compose.ui.input.pointer.Node.dispatchMainEventPass(HitPathTracker.kt:373)
03-08 13:59:40.158 24948 24948 E AndroidRuntime: 	at androidx.compose.ui.input.pointer.Node.dispatchMainEventPass(HitPathTracker.kt:373)
03-08 13:59:40.158 24948 24948 E AndroidRuntime: 	at androidx.compose.ui.input.pointer.NodeParent.dispatchMainEventPass(HitPathTracker.kt:229)
03-08 13:59:40.158 24948 24948 E AndroidRuntime: 	at androidx.compose.ui.input.pointer.HitPathTracker.dispatchChanges(HitPathTracker.kt:144)
03-08 13:59:40.158 24948 24948 E AndroidRuntime: 	at androidx.compose.ui.input.pointer.PointerInputEventProcessor.process-BIzXfog(PointerInputEventProcessor.kt:120)
03-08 13:59:40.158 24948 24948 E AndroidRuntime: 	at androidx.compose.ui.platform.AndroidComposeView.sendMotionEvent-8iAsVTc(AndroidComposeView.android.kt:1994)
03-08 13:59:40.158 24948 24948 E AndroidRuntime: 	at androidx.compose.ui.platform.AndroidComposeView.handleMotionEvent-8iAsVTc(AndroidComposeView.android.kt:1945)
03-08 13:59:40.158 24948 24948 E AndroidRuntime: 	at androidx.compose.ui.platform.AndroidComposeView.dispatchTouchEvent(AndroidComposeView.android.kt:1829)
03-08 13:59:40.158 24948 24948 E AndroidRuntime: 	at android.view.ViewGroup.dispatchTransformedTouchEvent(ViewGroup.java:3174)
03-08 13:59:40.158 24948 24948 E AndroidRuntime: 	at android.view.ViewGroup.dispatchTouchEvent(ViewGroup.java:2836)
03-08 13:59:40.158 24948 24948 E AndroidRuntime: 	at android.view.ViewGroup.dispatchTransformedTouchEvent(ViewGroup.java:3174)
03-08 13:59:40.158 24948 24948 E AndroidRuntime: 	at android.view.ViewGroup.dispatchTouchEvent(ViewGroup.java:2836)
03-08 13:59:40.158 24948 24948 E AndroidRuntime: 	at android.view.ViewGroup.dispatchTransformedTouchEvent(ViewGroup.java:3174)
03-08 13:59:40.158 24948 24948 E AndroidRuntime: 	at android.view.ViewGroup.dispatchTouchEvent(ViewGroup.java:2836)
03-08 13:59:40.158 24948 24948 E AndroidRuntime: 	at android.view.ViewGroup.dispatchTransformedTouchEvent(ViewGroup.java:3174)
03-08 13:59:40.159 24948 24948 E AndroidRuntime: 	at android.view.ViewGroup.dispatchTouchEvent(ViewGroup.java:2836)
03-08 13:59:40.159 24948 24948 E AndroidRuntime: 	at com.android.internal.policy.DecorView.superDispatchTouchEvent(DecorView.java:575)
03-08 13:59:40.159 24948 24948 E AndroidRuntime: 	at com.android.internal.policy.PhoneWindow.superDispatchTouchEvent(PhoneWindow.java:1945)
03-08 13:59:40.159 24948 24948 E AndroidRuntime: 	at android.app.Activity.dispatchTouchEvent(Activity.java:4232)
03-08 13:59:40.159 24948 24948 E AndroidRuntime: 	at com.android.internal.policy.DecorView.dispatchTouchEvent(DecorView.java:528)
03-08 13:59:40.159 24948 24948 E AndroidRuntime: 	at android.view.View.dispatchPointerEvent(View.java:14740)
03-08 13:59:40.159 24948 24948 E AndroidRuntime: 	at android.view.ViewRootImpl$ViewPostImeInputStage.processPointerEvent(ViewRootImpl.java:6550)
03-08 13:59:40.159 24948 24948 E AndroidRuntime: 	at android.view.ViewRootImpl$ViewPostImeInputStage.onProcess(ViewRootImpl.java:6303)
03-08 13:59:40.159 24948 24948 E AndroidRuntime: 	at android.view.ViewRootImpl$InputStage.deliver(ViewRootImpl.java:5764)
03-08 13:59:40.159 24948 24948 E AndroidRuntime: 	at android.view.ViewRootImpl$InputStage.onDeliverToNext(ViewRootImpl.java:5831)
03-08 13:59:40.159 24948 24948 E AndroidRuntime: 	at android.view.ViewRootImpl$InputStage.forward(ViewRootImpl.java:5792)
03-08 13:59:40.159 24948 24948 E AndroidRuntime: 	at android.view.ViewRootImpl$AsyncInputStage.forward(ViewRootImpl.java:5954)
03-08 13:59:40.159 24948 24948 E AndroidRuntime: 	at android.view.ViewRootImpl$InputStage.apply(ViewRootImpl.java:5800)
03-08 13:59:40.159 24948 24948 E AndroidRuntime: 	at android.view.ViewRootImpl$AsyncInputStage.apply(ViewRootImpl.java:6011)
03-08 13:59:40.159 24948 24948 E AndroidRuntime: 	at android.view.ViewRootImpl$InputStage.deliver(ViewRootImpl.java:5768)
03-08 13:59:40.159 24948 24948 E AndroidRuntime: 	at android.view.ViewRootImpl$InputStage.onDeliverToNext(ViewRootImpl.java:5831)
03-08 13:59:40.159 24948 24948 E AndroidRuntime: 	at android.view.ViewRootImpl$InputStage.forward(ViewRootImpl.java:5792)
03-08 13:59:40.159 24948 24948 E AndroidRuntime: 	at android.view.ViewRootImpl$InputStage.apply(ViewRootImpl.java:5800)
03-08 13:59:40.159 24948 24948 E AndroidRuntime: 	at android.view.ViewRootImpl$InputStage.deliver(ViewRootImpl.java:5768)
03-08 13:59:40.159 24948 24948 E AndroidRuntime: 	at android.view.ViewRootImpl.deliverInputEvent(ViewRootImpl.java:8650)
03-08 13:59:40.159 24948 24948 E AndroidRuntime: 	at android.view.ViewRootImpl.doProcessInputEvents(ViewRootImpl.java:8601)
03-08 13:59:40.159 24948 24948 E AndroidRuntime: 	at android.view.ViewRootImpl.enqueueInputEvent(ViewRootImpl.java:8553)
03-08 13:59:40.159 24948 24948 E AndroidRuntime: 	at android.view.ViewRootImpl$WindowInputEventReceiver.onInputEvent(ViewRootImpl.java:8790)
03-08 13:59:40.159 24948 24948 E AndroidRuntime: 	at android.view.InputEventReceiver.dispatchInputEvent(InputEventReceiver.java:238)
03-08 13:59:40.159 24948 24948 E AndroidRuntime: 	at android.os.MessageQueue.nativePollOnce(Native Method)
03-08 13:59:40.159 24948 24948 E AndroidRuntime: 	at android.os.MessageQueue.next(MessageQueue.java:339)
03-08 13:59:40.159 24948 24948 E AndroidRuntime: 	at android.os.Looper.loop(Looper.java:208)
03-08 13:59:40.159 24948 24948 E AndroidRuntime: 	at android.app.ActivityThread.main(ActivityThread.java:8244)
03-08 13:59:40.159 24948 24948 E AndroidRuntime: 	at java.lang.reflect.Method.invoke(Native Method)
03-08 13:59:40.159 24948 24948 E AndroidRuntime: 	at com.android.internal.os.RuntimeInit$MethodAndArgsCaller.run(RuntimeInit.java:626)
03-08 13:59:40.159 24948 24948 E AndroidRuntime: 	at com.android.internal.os.ZygoteInit.main(ZygoteInit.java:1016)
03-08 13:59:40.159 24948 24948 E AndroidRuntime: 	Suppressed: kotlinx.coroutines.internal.DiagnosticCoroutineContextException: [androidx.compose.ui.platform.MotionDurationScaleImpl@30a6d16, androidx.compose.runtime.BroadcastFrameClock@db15697, StandaloneCoroutine{Cancelling}@cae1084, AndroidUiDispatcher@93d706d]
